<?xml version="1.0" encoding="UTF-8"?>
<testsuite xmlns:xsi="http://www.w3.org/2001/XMLSchema-instance" xsi:noNamespaceSchemaLocation="https://maven.apache.org/surefire/maven-surefire-plugin/xsd/surefire-test-report.xsd" name="be.ucll.projectweek2.hybridcloudcalibr8.factoriorental.FactorioRentalApplicationTests" time="7.14" tests="1" errors="0" skipped="0" failures="0">
  <properties>
    <property name="java.specification.version" value="15"/>
    <property name="sun.jnu.encoding" value="UTF-8"/>
    <property name="java.class.path" value="/Users/reinoud/Documents/Education/baToegepasteInformatica/Projectweek2/ProjectEaster/backend/target/test-classes:/Users/reinoud/Documents/Education/baToegepasteInformatica/Projectweek2/ProjectEaster/backend/target/classes:/Users/reinoud/.m2/repository/org/springframework/boot/spring-boot-starter-web/2.4.4/spring-boot-starter-web-2.4.4.jar:/Users/reinoud/.m2/repository/org/springframework/boot/spring-boot-starter/2.4.4/spring-boot-starter-2.4.4.jar:/Users/reinoud/.m2/repository/org/springframework/boot/spring-boot-starter-logging/2.4.4/spring-boot-starter-logging-2.4.4.jar:/Users/reinoud/.m2/repository/ch/qos/logback/logback-classic/1.2.3/logback-classic-1.2.3.jar:/Users/reinoud/.m2/repository/ch/qos/logback/logback-core/1.2.3/logback-core-1.2.3.jar:/Users/reinoud/.m2/repository/org/apache/logging/log4j/log4j-to-slf4j/2.13.3/log4j-to-slf4j-2.13.3.jar:/Users/reinoud/.m2/repository/org/apache/logging/log4j/log4j-api/2.13.3/log4j-api-2.13.3.jar:/Users/reinoud/.m2/repository/org/slf4j/jul-to-slf4j/1.7.30/jul-to-slf4j-1.7.30.jar:/Users/reinoud/.m2/repository/jakarta/annotation/jakarta.annotation-api/1.3.5/jakarta.annotation-api-1.3.5.jar:/Users/reinoud/.m2/repository/org/yaml/snakeyaml/1.27/snakeyaml-1.27.jar:/Users/reinoud/.m2/repository/org/springframework/boot/spring-boot-starter-json/2.4.4/spring-boot-starter-json-2.4.4.jar:/Users/reinoud/.m2/repository/com/fasterxml/jackson/datatype/jackson-datatype-jdk8/2.11.4/jackson-datatype-jdk8-2.11.4.jar:/Users/reinoud/.m2/repository/com/fasterxml/jackson/module/jackson-module-parameter-names/2.11.4/jackson-module-parameter-names-2.11.4.jar:/Users/reinoud/.m2/repository/org/springframework/boot/spring-boot-starter-tomcat/2.4.4/spring-boot-starter-tomcat-2.4.4.jar:/Users/reinoud/.m2/repository/org/apache/tomcat/embed/tomcat-embed-core/9.0.44/tomcat-embed-core-9.0.44.jar:/Users/reinoud/.m2/repository/org/apache/tomcat/embed/tomcat-embed-websocket/9.0.44/tomcat-embed-websocket-9.0.44.jar:/Users/reinoud/.m2/repository/org/springframework/spring-web/5.3.5/spring-web-5.3.5.jar:/Users/reinoud/.m2/repository/org/springframework/boot/spring-boot-starter-oauth2-resource-server/2.4.4/spring-boot-starter-oauth2-resource-server-2.4.4.jar:/Users/reinoud/.m2/repository/org/springframework/security/spring-security-config/5.4.5/spring-security-config-5.4.5.jar:/Users/reinoud/.m2/repository/org/springframework/security/spring-security-core/5.4.5/spring-security-core-5.4.5.jar:/Users/reinoud/.m2/repository/org/springframework/security/spring-security-oauth2-resource-server/5.4.5/spring-security-oauth2-resource-server-5.4.5.jar:/Users/reinoud/.m2/repository/org/springframework/security/spring-security-oauth2-core/5.4.5/spring-security-oauth2-core-5.4.5.jar:/Users/reinoud/.m2/repository/org/springframework/security/spring-security-oauth2-jose/5.4.5/spring-security-oauth2-jose-5.4.5.jar:/Users/reinoud/.m2/repository/com/nimbusds/nimbus-jose-jwt/8.20.2/nimbus-jose-jwt-8.20.2.jar:/Users/reinoud/.m2/repository/com/github/stephenc/jcip/jcip-annotations/1.0-1/jcip-annotations-1.0-1.jar:/Users/reinoud/.m2/repository/org/springframework/boot/spring-boot-starter-security/2.4.4/spring-boot-starter-security-2.4.4.jar:/Users/reinoud/.m2/repository/org/springframework/spring-aop/5.3.5/spring-aop-5.3.5.jar:/Users/reinoud/.m2/repository/org/springframework/security/spring-security-web/5.4.5/spring-security-web-5.4.5.jar:/Users/reinoud/.m2/repository/org/springframework/boot/spring-boot-starter-test/2.4.4/spring-boot-starter-test-2.4.4.jar:/Users/reinoud/.m2/repository/org/springframework/boot/spring-boot-test/2.4.4/spring-boot-test-2.4.4.jar:/Users/reinoud/.m2/repository/org/springframework/boot/spring-boot-test-autoconfigure/2.4.4/spring-boot-test-autoconfigure-2.4.4.jar:/Users/reinoud/.m2/repository/com/jayway/jsonpath/json-path/2.4.0/json-path-2.4.0.jar:/Users/reinoud/.m2/repository/net/minidev/json-smart/2.3/json-smart-2.3.jar:/Users/reinoud/.m2/repository/net/minidev/accessors-smart/1.2/accessors-smart-1.2.jar:/Users/reinoud/.m2/repository/org/ow2/asm/asm/5.0.4/asm-5.0.4.jar:/Users/reinoud/.m2/repository/jakarta/xml/bind/jakarta.xml.bind-api/2.3.3/jakarta.xml.bind-api-2.3.3.jar:/Users/reinoud/.m2/repository/jakarta/activation/jakarta.activation-api/1.2.2/jakarta.activation-api-1.2.2.jar:/Users/reinoud/.m2/repository/org/assertj/assertj-core/3.18.1/assertj-core-3.18.1.jar:/Users/reinoud/.m2/repository/org/hamcrest/hamcrest/2.2/hamcrest-2.2.jar:/Users/reinoud/.m2/repository/org/junit/jupiter/junit-jupiter/5.7.1/junit-jupiter-5.7.1.jar:/Users/reinoud/.m2/repository/org/junit/jupiter/junit-jupiter-api/5.7.1/junit-jupiter-api-5.7.1.jar:/Users/reinoud/.m2/repository/org/apiguardian/apiguardian-api/1.1.0/apiguardian-api-1.1.0.jar:/Users/reinoud/.m2/repository/org/opentest4j/opentest4j/1.2.0/opentest4j-1.2.0.jar:/Users/reinoud/.m2/repository/org/junit/platform/junit-platform-commons/1.7.1/junit-platform-commons-1.7.1.jar:/Users/reinoud/.m2/repository/org/junit/jupiter/junit-jupiter-params/5.7.1/junit-jupiter-params-5.7.1.jar:/Users/reinoud/.m2/repository/org/junit/jupiter/junit-jupiter-engine/5.7.1/junit-jupiter-engine-5.7.1.jar:/Users/reinoud/.m2/repository/org/junit/platform/junit-platform-engine/1.7.1/junit-platform-engine-1.7.1.jar:/Users/reinoud/.m2/repository/org/mockito/mockito-core/3.6.28/mockito-core-3.6.28.jar:/Users/reinoud/.m2/repository/net/bytebuddy/byte-buddy/1.10.22/byte-buddy-1.10.22.jar:/Users/reinoud/.m2/repository/net/bytebuddy/byte-buddy-agent/1.10.22/byte-buddy-agent-1.10.22.jar:/Users/reinoud/.m2/repository/org/objenesis/objenesis/3.1/objenesis-3.1.jar:/Users/reinoud/.m2/repository/org/mockito/mockito-junit-jupiter/3.6.28/mockito-junit-jupiter-3.6.28.jar:/Users/reinoud/.m2/repository/org/skyscreamer/jsonassert/1.5.0/jsonassert-1.5.0.jar:/Users/reinoud/.m2/repository/com/vaadin/external/google/android-json/0.0.20131108.vaadin1/android-json-0.0.20131108.vaadin1.jar:/Users/reinoud/.m2/repository/org/springframework/spring-core/5.3.5/spring-core-5.3.5.jar:/Users/reinoud/.m2/repository/org/springframework/spring-jcl/5.3.5/spring-jcl-5.3.5.jar:/Users/reinoud/.m2/repository/org/springframework/spring-test/5.3.5/spring-test-5.3.5.jar:/Users/reinoud/.m2/repository/org/xmlunit/xmlunit-core/2.7.0/xmlunit-core-2.7.0.jar:/Users/reinoud/.m2/repository/org/springframework/boot/spring-boot-starter-validation/2.4.4/spring-boot-starter-validation-2.4.4.jar:/Users/reinoud/.m2/repository/org/glassfish/jakarta.el/3.0.3/jakarta.el-3.0.3.jar:/Users/reinoud/.m2/repository/org/springframework/boot/spring-boot-devtools/2.4.4/spring-boot-devtools-2.4.4.jar:/Users/reinoud/.m2/repository/org/springframework/boot/spring-boot/2.4.4/spring-boot-2.4.4.jar:/Users/reinoud/.m2/repository/org/springframework/boot/spring-boot-autoconfigure/2.4.4/spring-boot-autoconfigure-2.4.4.jar:/Users/reinoud/.m2/repository/org/springframework/boot/spring-boot-starter-data-jpa/2.4.4/spring-boot-starter-data-jpa-2.4.4.jar:/Users/reinoud/.m2/repository/org/springframework/boot/spring-boot-starter-aop/2.4.4/spring-boot-starter-aop-2.4.4.jar:/Users/reinoud/.m2/repository/org/aspectj/aspectjweaver/1.9.6/aspectjweaver-1.9.6.jar:/Users/reinoud/.m2/repository/org/springframework/boot/spring-boot-starter-jdbc/2.4.4/spring-boot-starter-jdbc-2.4.4.jar:/Users/reinoud/.m2/repository/com/zaxxer/HikariCP/3.4.5/HikariCP-3.4.5.jar:/Users/reinoud/.m2/repository/org/springframework/spring-jdbc/5.3.5/spring-jdbc-5.3.5.jar:/Users/reinoud/.m2/repository/jakarta/transaction/jakarta.transaction-api/1.3.3/jakarta.transaction-api-1.3.3.jar:/Users/reinoud/.m2/repository/jakarta/persistence/jakarta.persistence-api/2.2.3/jakarta.persistence-api-2.2.3.jar:/Users/reinoud/.m2/repository/org/hibernate/hibernate-core/5.4.29.Final/hibernate-core-5.4.29.Final.jar:/Users/reinoud/.m2/repository/org/javassist/javassist/3.27.0-GA/javassist-3.27.0-GA.jar:/Users/reinoud/.m2/repository/antlr/antlr/2.7.7/antlr-2.7.7.jar:/Users/reinoud/.m2/repository/org/jboss/jandex/2.2.3.Final/jandex-2.2.3.Final.jar:/Users/reinoud/.m2/repository/org/dom4j/dom4j/2.1.3/dom4j-2.1.3.jar:/Users/reinoud/.m2/repository/org/hibernate/common/hibernate-commons-annotations/5.1.2.Final/hibernate-commons-annotations-5.1.2.Final.jar:/Users/reinoud/.m2/repository/org/glassfish/jaxb/jaxb-runtime/2.3.3/jaxb-runtime-2.3.3.jar:/Users/reinoud/.m2/repository/org/glassfish/jaxb/txw2/2.3.3/txw2-2.3.3.jar:/Users/reinoud/.m2/repository/com/sun/istack/istack-commons-runtime/3.0.11/istack-commons-runtime-3.0.11.jar:/Users/reinoud/.m2/repository/com/sun/activation/jakarta.activation/1.2.2/jakarta.activation-1.2.2.jar:/Users/reinoud/.m2/repository/org/springframework/data/spring-data-jpa/2.4.6/spring-data-jpa-2.4.6.jar:/Users/reinoud/.m2/repository/org/springframework/data/spring-data-commons/2.4.6/spring-data-commons-2.4.6.jar:/Users/reinoud/.m2/repository/org/springframework/spring-orm/5.3.5/spring-orm-5.3.5.jar:/Users/reinoud/.m2/repository/org/springframework/spring-tx/5.3.5/spring-tx-5.3.5.jar:/Users/reinoud/.m2/repository/org/springframework/spring-aspects/5.3.5/spring-aspects-5.3.5.jar:/Users/reinoud/.m2/repository/org/hibernate/validator/hibernate-validator/6.0.18.Final/hibernate-validator-6.0.18.Final.jar:/Users/reinoud/.m2/repository/javax/validation/validation-api/2.0.1.Final/validation-api-2.0.1.Final.jar:/Users/reinoud/.m2/repository/org/jboss/logging/jboss-logging/3.4.1.Final/jboss-logging-3.4.1.Final.jar:/Users/reinoud/.m2/repository/com/fasterxml/classmate/1.5.1/classmate-1.5.1.jar:/Users/reinoud/.m2/repository/org/springframework/boot/spring-boot-maven-plugin/2.3.8.RELEASE/spring-boot-maven-plugin-2.3.8.RELEASE.jar:/Users/reinoud/.m2/repository/org/springframework/boot/spring-boot-buildpack-platform/2.4.4/spring-boot-buildpack-platform-2.4.4.jar:/Users/reinoud/.m2/repository/net/java/dev/jna/jna-platform/5.5.0/jna-platform-5.5.0.jar:/Users/reinoud/.m2/repository/net/java/dev/jna/jna/5.5.0/jna-5.5.0.jar:/Users/reinoud/.m2/repository/org/apache/commons/commons-compress/1.20/commons-compress-1.20.jar:/Users/reinoud/.m2/repository/org/apache/httpcomponents/httpclient/4.5.13/httpclient-4.5.13.jar:/Users/reinoud/.m2/repository/org/apache/httpcomponents/httpcore/4.4.14/httpcore-4.4.14.jar:/Users/reinoud/.m2/repository/commons-codec/commons-codec/1.15/commons-codec-1.15.jar:/Users/reinoud/.m2/repository/org/springframework/boot/spring-boot-loader-tools/2.4.4/spring-boot-loader-tools-2.4.4.jar:/Users/reinoud/.m2/repository/org/apache/maven/shared/maven-common-artifact-filters/3.1.0/maven-common-artifact-filters-3.1.0.jar:/Users/reinoud/.m2/repository/org/apache/maven/maven-artifact/3.0/maven-artifact-3.0.jar:/Users/reinoud/.m2/repository/org/apache/maven/maven-model/3.0/maven-model-3.0.jar:/Users/reinoud/.m2/repository/org/apache/maven/maven-core/3.0/maven-core-3.0.jar:/Users/reinoud/.m2/repository/org/apache/maven/maven-settings/3.0/maven-settings-3.0.jar:/Users/reinoud/.m2/repository/org/apache/maven/maven-settings-builder/3.0/maven-settings-builder-3.0.jar:/Users/reinoud/.m2/repository/org/apache/maven/maven-repository-metadata/3.0/maven-repository-metadata-3.0.jar:/Users/reinoud/.m2/repository/org/apache/maven/maven-model-builder/3.0/maven-model-builder-3.0.jar:/Users/reinoud/.m2/repository/org/apache/maven/maven-aether-provider/3.0/maven-aether-provider-3.0.jar:/Users/reinoud/.m2/repository/org/sonatype/aether/aether-impl/1.7/aether-impl-1.7.jar:/Users/reinoud/.m2/repository/org/sonatype/aether/aether-spi/1.7/aether-spi-1.7.jar:/Users/reinoud/.m2/repository/org/sonatype/aether/aether-api/1.7/aether-api-1.7.jar:/Users/reinoud/.m2/repository/org/sonatype/aether/aether-util/1.7/aether-util-1.7.jar:/Users/reinoud/.m2/repository/org/codehaus/plexus/plexus-interpolation/1.14/plexus-interpolation-1.14.jar:/Users/reinoud/.m2/repository/org/codehaus/plexus/plexus-component-annotations/1.5.5/plexus-component-annotations-1.5.5.jar:/Users/reinoud/.m2/repository/org/sonatype/plexus/plexus-sec-dispatcher/1.3/plexus-sec-dispatcher-1.3.jar:/Users/reinoud/.m2/repository/org/sonatype/plexus/plexus-cipher/1.4/plexus-cipher-1.4.jar:/Users/reinoud/.m2/repository/org/sonatype/sisu/sisu-inject-plexus/1.4.2/sisu-inject-plexus-1.4.2.jar:/Users/reinoud/.m2/repository/org/sonatype/sisu/sisu-inject-bean/1.4.2/sisu-inject-bean-1.4.2.jar:/Users/reinoud/.m2/repository/org/sonatype/sisu/sisu-guice/2.1.7/sisu-guice-2.1.7-noaop.jar:/Users/reinoud/.m2/repository/org/apache/maven/shared/maven-shared-utils/3.1.0/maven-shared-utils-3.1.0.jar:/Users/reinoud/.m2/repository/commons-io/commons-io/2.5/commons-io-2.5.jar:/Users/reinoud/.m2/repository/org/apache/maven/maven-plugin-api/3.6.3/maven-plugin-api-3.6.3.jar:/Users/reinoud/.m2/repository/org/eclipse/sisu/org.eclipse.sisu.plexus/0.3.4/org.eclipse.sisu.plexus-0.3.4.jar:/Users/reinoud/.m2/repository/javax/enterprise/cdi-api/1.0/cdi-api-1.0.jar:/Users/reinoud/.m2/repository/javax/annotation/jsr250-api/1.0/jsr250-api-1.0.jar:/Users/reinoud/.m2/repository/javax/inject/javax.inject/1/javax.inject-1.jar:/Users/reinoud/.m2/repository/org/eclipse/sisu/org.eclipse.sisu.inject/0.3.4/org.eclipse.sisu.inject-0.3.4.jar:/Users/reinoud/.m2/repository/org/codehaus/plexus/plexus-utils/3.2.1/plexus-utils-3.2.1.jar:/Users/reinoud/.m2/repository/org/codehaus/plexus/plexus-classworlds/2.6.0/plexus-classworlds-2.6.0.jar:/Users/reinoud/.m2/repository/org/sonatype/plexus/plexus-build-api/0.0.7/plexus-build-api-0.0.7.jar:/Users/reinoud/.m2/repository/org/springframework/spring-webmvc/5.3.5/spring-webmvc-5.3.5.jar:/Users/reinoud/.m2/repository/org/springframework/spring-beans/5.3.5/spring-beans-5.3.5.jar:/Users/reinoud/.m2/repository/org/springframework/spring-context/5.3.5/spring-context-5.3.5.jar:/Users/reinoud/.m2/repository/org/springframework/spring-expression/5.3.5/spring-expression-5.3.5.jar:/Users/reinoud/.m2/repository/org/postgresql/postgresql/42.2.19/postgresql-42.2.19.jar:/Users/reinoud/.m2/repository/org/checkerframework/checker-qual/3.5.0/checker-qual-3.5.0.jar:/Users/reinoud/.m2/repository/io/springfox/springfox-swagger2/2.9.2/springfox-swagger2-2.9.2.jar:/Users/reinoud/.m2/repository/io/swagger/swagger-annotations/1.5.20/swagger-annotations-1.5.20.jar:/Users/reinoud/.m2/repository/io/swagger/swagger-models/1.5.20/swagger-models-1.5.20.jar:/Users/reinoud/.m2/repository/io/springfox/springfox-spi/2.9.2/springfox-spi-2.9.2.jar:/Users/reinoud/.m2/repository/io/springfox/springfox-core/2.9.2/springfox-core-2.9.2.jar:/Users/reinoud/.m2/repository/io/springfox/springfox-schema/2.9.2/springfox-schema-2.9.2.jar:/Users/reinoud/.m2/repository/io/springfox/springfox-swagger-common/2.9.2/springfox-swagger-common-2.9.2.jar:/Users/reinoud/.m2/repository/io/springfox/springfox-spring-web/2.9.2/springfox-spring-web-2.9.2.jar:/Users/reinoud/.m2/repository/com/google/guava/guava/20.0/guava-20.0.jar:/Users/reinoud/.m2/repository/org/slf4j/slf4j-api/1.7.30/slf4j-api-1.7.30.jar:/Users/reinoud/.m2/repository/org/springframework/plugin/spring-plugin-core/1.2.0.RELEASE/spring-plugin-core-1.2.0.RELEASE.jar:/Users/reinoud/.m2/repository/org/springframework/plugin/spring-plugin-metadata/1.2.0.RELEASE/spring-plugin-metadata-1.2.0.RELEASE.jar:/Users/reinoud/.m2/repository/org/mapstruct/mapstruct/1.2.0.Final/mapstruct-1.2.0.Final.jar:/Users/reinoud/.m2/repository/io/springfox/springfox-swagger-ui/2.9.2/springfox-swagger-ui-2.9.2.jar:/Users/reinoud/.m2/repository/io/springfox/springfox-bean-validators/2.9.2/springfox-bean-validators-2.9.2.jar:/Users/reinoud/.m2/repository/com/fasterxml/jackson/datatype/jackson-datatype-jsr310/2.11.4/jackson-datatype-jsr310-2.11.4.jar:/Users/reinoud/.m2/repository/com/fasterxml/jackson/core/jackson-annotations/2.11.4/jackson-annotations-2.11.4.jar:/Users/reinoud/.m2/repository/com/fasterxml/jackson/core/jackson-core/2.11.4/jackson-core-2.11.4.jar:/Users/reinoud/.m2/repository/com/fasterxml/jackson/core/jackson-databind/2.11.4/jackson-databind-2.11.4.jar:/Users/reinoud/.m2/repository/org/projectlombok/lombok/1.18.18/lombok-1.18.18.jar:"/>
    <property name="java.vm.vendor" value="Oracle Corporation"/>
    <property name="sun.arch.data.model" value="64"/>
    <property name="java.vendor.url" value="https://openjdk.java.net/"/>
    <property name="os.name" value="Mac OS X"/>
    <property name="java.vm.specification.version" value="15"/>
    <property name="sun.java.launcher" value="SUN_STANDARD"/>
    <property name="user.country" value="BE"/>
    <property name="sun.boot.library.path" value="/usr/local/Cellar/openjdk/15.0.1/libexec/openjdk.jdk/Contents/Home/lib"/>
    <property name="sun.java.command" value="/Users/reinoud/Documents/Education/baToegepasteInformatica/Projectweek2/ProjectEaster/backend/target/surefire/surefirebooter15772772135750559512.jar /Users/reinoud/Documents/Education/baToegepasteInformatica/Projectweek2/ProjectEaster/backend/target/surefire 2021-04-01T11-08-59_112-jvmRun1 surefire12316861372794858358tmp surefire_01973187527519532193tmp"/>
    <property name="http.nonProxyHosts" value="local|*.local|169.254/16|*.169.254/16"/>
    <property name="jdk.debug" value="release"/>
    <property name="surefire.test.class.path" value="/Users/reinoud/Documents/Education/baToegepasteInformatica/Projectweek2/ProjectEaster/backend/target/test-classes:/Users/reinoud/Documents/Education/baToegepasteInformatica/Projectweek2/ProjectEaster/backend/target/classes:/Users/reinoud/.m2/repository/org/springframework/boot/spring-boot-starter-web/2.4.4/spring-boot-starter-web-2.4.4.jar:/Users/reinoud/.m2/repository/org/springframework/boot/spring-boot-starter/2.4.4/spring-boot-starter-2.4.4.jar:/Users/reinoud/.m2/repository/org/springframework/boot/spring-boot-starter-logging/2.4.4/spring-boot-starter-logging-2.4.4.jar:/Users/reinoud/.m2/repository/ch/qos/logback/logback-classic/1.2.3/logback-classic-1.2.3.jar:/Users/reinoud/.m2/repository/ch/qos/logback/logback-core/1.2.3/logback-core-1.2.3.jar:/Users/reinoud/.m2/repository/org/apache/logging/log4j/log4j-to-slf4j/2.13.3/log4j-to-slf4j-2.13.3.jar:/Users/reinoud/.m2/repository/org/apache/logging/log4j/log4j-api/2.13.3/log4j-api-2.13.3.jar:/Users/reinoud/.m2/repository/org/slf4j/jul-to-slf4j/1.7.30/jul-to-slf4j-1.7.30.jar:/Users/reinoud/.m2/repository/jakarta/annotation/jakarta.annotation-api/1.3.5/jakarta.annotation-api-1.3.5.jar:/Users/reinoud/.m2/repository/org/yaml/snakeyaml/1.27/snakeyaml-1.27.jar:/Users/reinoud/.m2/repository/org/springframework/boot/spring-boot-starter-json/2.4.4/spring-boot-starter-json-2.4.4.jar:/Users/reinoud/.m2/repository/com/fasterxml/jackson/datatype/jackson-datatype-jdk8/2.11.4/jackson-datatype-jdk8-2.11.4.jar:/Users/reinoud/.m2/repository/com/fasterxml/jackson/module/jackson-module-parameter-names/2.11.4/jackson-module-parameter-names-2.11.4.jar:/Users/reinoud/.m2/repository/org/springframework/boot/spring-boot-starter-tomcat/2.4.4/spring-boot-starter-tomcat-2.4.4.jar:/Users/reinoud/.m2/repository/org/apache/tomcat/embed/tomcat-embed-core/9.0.44/tomcat-embed-core-9.0.44.jar:/Users/reinoud/.m2/repository/org/apache/tomcat/embed/tomcat-embed-websocket/9.0.44/tomcat-embed-websocket-9.0.44.jar:/Users/reinoud/.m2/repository/org/springframework/spring-web/5.3.5/spring-web-5.3.5.jar:/Users/reinoud/.m2/repository/org/springframework/boot/spring-boot-starter-oauth2-resource-server/2.4.4/spring-boot-starter-oauth2-resource-server-2.4.4.jar:/Users/reinoud/.m2/repository/org/springframework/security/spring-security-config/5.4.5/spring-security-config-5.4.5.jar:/Users/reinoud/.m2/repository/org/springframework/security/spring-security-core/5.4.5/spring-security-core-5.4.5.jar:/Users/reinoud/.m2/repository/org/springframework/security/spring-security-oauth2-resource-server/5.4.5/spring-security-oauth2-resource-server-5.4.5.jar:/Users/reinoud/.m2/repository/org/springframework/security/spring-security-oauth2-core/5.4.5/spring-security-oauth2-core-5.4.5.jar:/Users/reinoud/.m2/repository/org/springframework/security/spring-security-oauth2-jose/5.4.5/spring-security-oauth2-jose-5.4.5.jar:/Users/reinoud/.m2/repository/com/nimbusds/nimbus-jose-jwt/8.20.2/nimbus-jose-jwt-8.20.2.jar:/Users/reinoud/.m2/repository/com/github/stephenc/jcip/jcip-annotations/1.0-1/jcip-annotations-1.0-1.jar:/Users/reinoud/.m2/repository/org/springframework/boot/spring-boot-starter-security/2.4.4/spring-boot-starter-security-2.4.4.jar:/Users/reinoud/.m2/repository/org/springframework/spring-aop/5.3.5/spring-aop-5.3.5.jar:/Users/reinoud/.m2/repository/org/springframework/security/spring-security-web/5.4.5/spring-security-web-5.4.5.jar:/Users/reinoud/.m2/repository/org/springframework/boot/spring-boot-starter-test/2.4.4/spring-boot-starter-test-2.4.4.jar:/Users/reinoud/.m2/repository/org/springframework/boot/spring-boot-test/2.4.4/spring-boot-test-2.4.4.jar:/Users/reinoud/.m2/repository/org/springframework/boot/spring-boot-test-autoconfigure/2.4.4/spring-boot-test-autoconfigure-2.4.4.jar:/Users/reinoud/.m2/repository/com/jayway/jsonpath/json-path/2.4.0/json-path-2.4.0.jar:/Users/reinoud/.m2/repository/net/minidev/json-smart/2.3/json-smart-2.3.jar:/Users/reinoud/.m2/repository/net/minidev/accessors-smart/1.2/accessors-smart-1.2.jar:/Users/reinoud/.m2/repository/org/ow2/asm/asm/5.0.4/asm-5.0.4.jar:/Users/reinoud/.m2/repository/jakarta/xml/bind/jakarta.xml.bind-api/2.3.3/jakarta.xml.bind-api-2.3.3.jar:/Users/reinoud/.m2/repository/jakarta/activation/jakarta.activation-api/1.2.2/jakarta.activation-api-1.2.2.jar:/Users/reinoud/.m2/repository/org/assertj/assertj-core/3.18.1/assertj-core-3.18.1.jar:/Users/reinoud/.m2/repository/org/hamcrest/hamcrest/2.2/hamcrest-2.2.jar:/Users/reinoud/.m2/repository/org/junit/jupiter/junit-jupiter/5.7.1/junit-jupiter-5.7.1.jar:/Users/reinoud/.m2/repository/org/junit/jupiter/junit-jupiter-api/5.7.1/junit-jupiter-api-5.7.1.jar:/Users/reinoud/.m2/repository/org/apiguardian/apiguardian-api/1.1.0/apiguardian-api-1.1.0.jar:/Users/reinoud/.m2/repository/org/opentest4j/opentest4j/1.2.0/opentest4j-1.2.0.jar:/Users/reinoud/.m2/repository/org/junit/platform/junit-platform-commons/1.7.1/junit-platform-commons-1.7.1.jar:/Users/reinoud/.m2/repository/org/junit/jupiter/junit-jupiter-params/5.7.1/junit-jupiter-params-5.7.1.jar:/Users/reinoud/.m2/repository/org/junit/jupiter/junit-jupiter-engine/5.7.1/junit-jupiter-engine-5.7.1.jar:/Users/reinoud/.m2/repository/org/junit/platform/junit-platform-engine/1.7.1/junit-platform-engine-1.7.1.jar:/Users/reinoud/.m2/repository/org/mockito/mockito-core/3.6.28/mockito-core-3.6.28.jar:/Users/reinoud/.m2/repository/net/bytebuddy/byte-buddy/1.10.22/byte-buddy-1.10.22.jar:/Users/reinoud/.m2/repository/net/bytebuddy/byte-buddy-agent/1.10.22/byte-buddy-agent-1.10.22.jar:/Users/reinoud/.m2/repository/org/objenesis/objenesis/3.1/objenesis-3.1.jar:/Users/reinoud/.m2/repository/org/mockito/mockito-junit-jupiter/3.6.28/mockito-junit-jupiter-3.6.28.jar:/Users/reinoud/.m2/repository/org/skyscreamer/jsonassert/1.5.0/jsonassert-1.5.0.jar:/Users/reinoud/.m2/repository/com/vaadin/external/google/android-json/0.0.20131108.vaadin1/android-json-0.0.20131108.vaadin1.jar:/Users/reinoud/.m2/repository/org/springframework/spring-core/5.3.5/spring-core-5.3.5.jar:/Users/reinoud/.m2/repository/org/springframework/spring-jcl/5.3.5/spring-jcl-5.3.5.jar:/Users/reinoud/.m2/repository/org/springframework/spring-test/5.3.5/spring-test-5.3.5.jar:/Users/reinoud/.m2/repository/org/xmlunit/xmlunit-core/2.7.0/xmlunit-core-2.7.0.jar:/Users/reinoud/.m2/repository/org/springframework/boot/spring-boot-starter-validation/2.4.4/spring-boot-starter-validation-2.4.4.jar:/Users/reinoud/.m2/repository/org/glassfish/jakarta.el/3.0.3/jakarta.el-3.0.3.jar:/Users/reinoud/.m2/repository/org/springframework/boot/spring-boot-devtools/2.4.4/spring-boot-devtools-2.4.4.jar:/Users/reinoud/.m2/repository/org/springframework/boot/spring-boot/2.4.4/spring-boot-2.4.4.jar:/Users/reinoud/.m2/repository/org/springframework/boot/spring-boot-autoconfigure/2.4.4/spring-boot-autoconfigure-2.4.4.jar:/Users/reinoud/.m2/repository/org/springframework/boot/spring-boot-starter-data-jpa/2.4.4/spring-boot-starter-data-jpa-2.4.4.jar:/Users/reinoud/.m2/repository/org/springframework/boot/spring-boot-starter-aop/2.4.4/spring-boot-starter-aop-2.4.4.jar:/Users/reinoud/.m2/repository/org/aspectj/aspectjweaver/1.9.6/aspectjweaver-1.9.6.jar:/Users/reinoud/.m2/repository/org/springframework/boot/spring-boot-starter-jdbc/2.4.4/spring-boot-starter-jdbc-2.4.4.jar:/Users/reinoud/.m2/repository/com/zaxxer/HikariCP/3.4.5/HikariCP-3.4.5.jar:/Users/reinoud/.m2/repository/org/springframework/spring-jdbc/5.3.5/spring-jdbc-5.3.5.jar:/Users/reinoud/.m2/repository/jakarta/transaction/jakarta.transaction-api/1.3.3/jakarta.transaction-api-1.3.3.jar:/Users/reinoud/.m2/repository/jakarta/persistence/jakarta.persistence-api/2.2.3/jakarta.persistence-api-2.2.3.jar:/Users/reinoud/.m2/repository/org/hibernate/hibernate-core/5.4.29.Final/hibernate-core-5.4.29.Final.jar:/Users/reinoud/.m2/repository/org/javassist/javassist/3.27.0-GA/javassist-3.27.0-GA.jar:/Users/reinoud/.m2/repository/antlr/antlr/2.7.7/antlr-2.7.7.jar:/Users/reinoud/.m2/repository/org/jboss/jandex/2.2.3.Final/jandex-2.2.3.Final.jar:/Users/reinoud/.m2/repository/org/dom4j/dom4j/2.1.3/dom4j-2.1.3.jar:/Users/reinoud/.m2/repository/org/hibernate/common/hibernate-commons-annotations/5.1.2.Final/hibernate-commons-annotations-5.1.2.Final.jar:/Users/reinoud/.m2/repository/org/glassfish/jaxb/jaxb-runtime/2.3.3/jaxb-runtime-2.3.3.jar:/Users/reinoud/.m2/repository/org/glassfish/jaxb/txw2/2.3.3/txw2-2.3.3.jar:/Users/reinoud/.m2/repository/com/sun/istack/istack-commons-runtime/3.0.11/istack-commons-runtime-3.0.11.jar:/Users/reinoud/.m2/repository/com/sun/activation/jakarta.activation/1.2.2/jakarta.activation-1.2.2.jar:/Users/reinoud/.m2/repository/org/springframework/data/spring-data-jpa/2.4.6/spring-data-jpa-2.4.6.jar:/Users/reinoud/.m2/repository/org/springframework/data/spring-data-commons/2.4.6/spring-data-commons-2.4.6.jar:/Users/reinoud/.m2/repository/org/springframework/spring-orm/5.3.5/spring-orm-5.3.5.jar:/Users/reinoud/.m2/repository/org/springframework/spring-tx/5.3.5/spring-tx-5.3.5.jar:/Users/reinoud/.m2/repository/org/springframework/spring-aspects/5.3.5/spring-aspects-5.3.5.jar:/Users/reinoud/.m2/repository/org/hibernate/validator/hibernate-validator/6.0.18.Final/hibernate-validator-6.0.18.Final.jar:/Users/reinoud/.m2/repository/javax/validation/validation-api/2.0.1.Final/validation-api-2.0.1.Final.jar:/Users/reinoud/.m2/repository/org/jboss/logging/jboss-logging/3.4.1.Final/jboss-logging-3.4.1.Final.jar:/Users/reinoud/.m2/repository/com/fasterxml/classmate/1.5.1/classmate-1.5.1.jar:/Users/reinoud/.m2/repository/org/springframework/boot/spring-boot-maven-plugin/2.3.8.RELEASE/spring-boot-maven-plugin-2.3.8.RELEASE.jar:/Users/reinoud/.m2/repository/org/springframework/boot/spring-boot-buildpack-platform/2.4.4/spring-boot-buildpack-platform-2.4.4.jar:/Users/reinoud/.m2/repository/net/java/dev/jna/jna-platform/5.5.0/jna-platform-5.5.0.jar:/Users/reinoud/.m2/repository/net/java/dev/jna/jna/5.5.0/jna-5.5.0.jar:/Users/reinoud/.m2/repository/org/apache/commons/commons-compress/1.20/commons-compress-1.20.jar:/Users/reinoud/.m2/repository/org/apache/httpcomponents/httpclient/4.5.13/httpclient-4.5.13.jar:/Users/reinoud/.m2/repository/org/apache/httpcomponents/httpcore/4.4.14/httpcore-4.4.14.jar:/Users/reinoud/.m2/repository/commons-codec/commons-codec/1.15/commons-codec-1.15.jar:/Users/reinoud/.m2/repository/org/springframework/boot/spring-boot-loader-tools/2.4.4/spring-boot-loader-tools-2.4.4.jar:/Users/reinoud/.m2/repository/org/apache/maven/shared/maven-common-artifact-filters/3.1.0/maven-common-artifact-filters-3.1.0.jar:/Users/reinoud/.m2/repository/org/apache/maven/maven-artifact/3.0/maven-artifact-3.0.jar:/Users/reinoud/.m2/repository/org/apache/maven/maven-model/3.0/maven-model-3.0.jar:/Users/reinoud/.m2/repository/org/apache/maven/maven-core/3.0/maven-core-3.0.jar:/Users/reinoud/.m2/repository/org/apache/maven/maven-settings/3.0/maven-settings-3.0.jar:/Users/reinoud/.m2/repository/org/apache/maven/maven-settings-builder/3.0/maven-settings-builder-3.0.jar:/Users/reinoud/.m2/repository/org/apache/maven/maven-repository-metadata/3.0/maven-repository-metadata-3.0.jar:/Users/reinoud/.m2/repository/org/apache/maven/maven-model-builder/3.0/maven-model-builder-3.0.jar:/Users/reinoud/.m2/repository/org/apache/maven/maven-aether-provider/3.0/maven-aether-provider-3.0.jar:/Users/reinoud/.m2/repository/org/sonatype/aether/aether-impl/1.7/aether-impl-1.7.jar:/Users/reinoud/.m2/repository/org/sonatype/aether/aether-spi/1.7/aether-spi-1.7.jar:/Users/reinoud/.m2/repository/org/sonatype/aether/aether-api/1.7/aether-api-1.7.jar:/Users/reinoud/.m2/repository/org/sonatype/aether/aether-util/1.7/aether-util-1.7.jar:/Users/reinoud/.m2/repository/org/codehaus/plexus/plexus-interpolation/1.14/plexus-interpolation-1.14.jar:/Users/reinoud/.m2/repository/org/codehaus/plexus/plexus-component-annotations/1.5.5/plexus-component-annotations-1.5.5.jar:/Users/reinoud/.m2/repository/org/sonatype/plexus/plexus-sec-dispatcher/1.3/plexus-sec-dispatcher-1.3.jar:/Users/reinoud/.m2/repository/org/sonatype/plexus/plexus-cipher/1.4/plexus-cipher-1.4.jar:/Users/reinoud/.m2/repository/org/sonatype/sisu/sisu-inject-plexus/1.4.2/sisu-inject-plexus-1.4.2.jar:/Users/reinoud/.m2/repository/org/sonatype/sisu/sisu-inject-bean/1.4.2/sisu-inject-bean-1.4.2.jar:/Users/reinoud/.m2/repository/org/sonatype/sisu/sisu-guice/2.1.7/sisu-guice-2.1.7-noaop.jar:/Users/reinoud/.m2/repository/org/apache/maven/shared/maven-shared-utils/3.1.0/maven-shared-utils-3.1.0.jar:/Users/reinoud/.m2/repository/commons-io/commons-io/2.5/commons-io-2.5.jar:/Users/reinoud/.m2/repository/org/apache/maven/maven-plugin-api/3.6.3/maven-plugin-api-3.6.3.jar:/Users/reinoud/.m2/repository/org/eclipse/sisu/org.eclipse.sisu.plexus/0.3.4/org.eclipse.sisu.plexus-0.3.4.jar:/Users/reinoud/.m2/repository/javax/enterprise/cdi-api/1.0/cdi-api-1.0.jar:/Users/reinoud/.m2/repository/javax/annotation/jsr250-api/1.0/jsr250-api-1.0.jar:/Users/reinoud/.m2/repository/javax/inject/javax.inject/1/javax.inject-1.jar:/Users/reinoud/.m2/repository/org/eclipse/sisu/org.eclipse.sisu.inject/0.3.4/org.eclipse.sisu.inject-0.3.4.jar:/Users/reinoud/.m2/repository/org/codehaus/plexus/plexus-utils/3.2.1/plexus-utils-3.2.1.jar:/Users/reinoud/.m2/repository/org/codehaus/plexus/plexus-classworlds/2.6.0/plexus-classworlds-2.6.0.jar:/Users/reinoud/.m2/repository/org/sonatype/plexus/plexus-build-api/0.0.7/plexus-build-api-0.0.7.jar:/Users/reinoud/.m2/repository/org/springframework/spring-webmvc/5.3.5/spring-webmvc-5.3.5.jar:/Users/reinoud/.m2/repository/org/springframework/spring-beans/5.3.5/spring-beans-5.3.5.jar:/Users/reinoud/.m2/repository/org/springframework/spring-context/5.3.5/spring-context-5.3.5.jar:/Users/reinoud/.m2/repository/org/springframework/spring-expression/5.3.5/spring-expression-5.3.5.jar:/Users/reinoud/.m2/repository/org/postgresql/postgresql/42.2.19/postgresql-42.2.19.jar:/Users/reinoud/.m2/repository/org/checkerframework/checker-qual/3.5.0/checker-qual-3.5.0.jar:/Users/reinoud/.m2/repository/io/springfox/springfox-swagger2/2.9.2/springfox-swagger2-2.9.2.jar:/Users/reinoud/.m2/repository/io/swagger/swagger-annotations/1.5.20/swagger-annotations-1.5.20.jar:/Users/reinoud/.m2/repository/io/swagger/swagger-models/1.5.20/swagger-models-1.5.20.jar:/Users/reinoud/.m2/repository/io/springfox/springfox-spi/2.9.2/springfox-spi-2.9.2.jar:/Users/reinoud/.m2/repository/io/springfox/springfox-core/2.9.2/springfox-core-2.9.2.jar:/Users/reinoud/.m2/repository/io/springfox/springfox-schema/2.9.2/springfox-schema-2.9.2.jar:/Users/reinoud/.m2/repository/io/springfox/springfox-swagger-common/2.9.2/springfox-swagger-common-2.9.2.jar:/Users/reinoud/.m2/repository/io/springfox/springfox-spring-web/2.9.2/springfox-spring-web-2.9.2.jar:/Users/reinoud/.m2/repository/com/google/guava/guava/20.0/guava-20.0.jar:/Users/reinoud/.m2/repository/org/slf4j/slf4j-api/1.7.30/slf4j-api-1.7.30.jar:/Users/reinoud/.m2/repository/org/springframework/plugin/spring-plugin-core/1.2.0.RELEASE/spring-plugin-core-1.2.0.RELEASE.jar:/Users/reinoud/.m2/repository/org/springframework/plugin/spring-plugin-metadata/1.2.0.RELEASE/spring-plugin-metadata-1.2.0.RELEASE.jar:/Users/reinoud/.m2/repository/org/mapstruct/mapstruct/1.2.0.Final/mapstruct-1.2.0.Final.jar:/Users/reinoud/.m2/repository/io/springfox/springfox-swagger-ui/2.9.2/springfox-swagger-ui-2.9.2.jar:/Users/reinoud/.m2/repository/io/springfox/springfox-bean-validators/2.9.2/springfox-bean-validators-2.9.2.jar:/Users/reinoud/.m2/repository/com/fasterxml/jackson/datatype/jackson-datatype-jsr310/2.11.4/jackson-datatype-jsr310-2.11.4.jar:/Users/reinoud/.m2/repository/com/fasterxml/jackson/core/jackson-annotations/2.11.4/jackson-annotations-2.11.4.jar:/Users/reinoud/.m2/repository/com/fasterxml/jackson/core/jackson-core/2.11.4/jackson-core-2.11.4.jar:/Users/reinoud/.m2/repository/com/fasterxml/jackson/core/jackson-databind/2.11.4/jackson-databind-2.11.4.jar:/Users/reinoud/.m2/repository/org/projectlombok/lombok/1.18.18/lombok-1.18.18.jar:"/>
    <property name="sun.cpu.endian" value="little"/>
    <property name="user.home" value="/Users/reinoud"/>
    <property name="user.language" value="en"/>
    <property name="java.specification.vendor" value="Oracle Corporation"/>
    <property name="java.version.date" value="2020-10-20"/>
    <property name="java.home" value="/usr/local/Cellar/openjdk/15.0.1/libexec/openjdk.jdk/Contents/Home"/>
    <property name="file.separator" value="/"/>
    <property name="basedir" value="/Users/reinoud/Documents/Education/baToegepasteInformatica/Projectweek2/ProjectEaster/backend"/>
    <property name="java.vm.compressedOopsMode" value="Zero based"/>
    <property name="line.separator" value="&#10;"/>
    <property name="java.specification.name" value="Java Platform API Specification"/>
    <property name="java.vm.specification.vendor" value="Oracle Corporation"/>
    <property name="surefire.real.class.path" value="/Users/reinoud/Documents/Education/baToegepasteInformatica/Projectweek2/ProjectEaster/backend/target/surefire/surefirebooter15772772135750559512.jar"/>
    <property name="sun.management.compiler" value="HotSpot 64-Bit Tiered Compilers"/>
    <property name="ftp.nonProxyHosts" value="local|*.local|169.254/16|*.169.254/16"/>
    <property name="java.runtime.version" value="15.0.1+9"/>
    <property name="user.name" value="reinoud"/>
    <property name="path.separator" value=":"/>
    <property name="os.version" value="10.16"/>
    <property name="java.runtime.name" value="OpenJDK Runtime Environment"/>
    <property name="file.encoding" value="US-ASCII"/>
    <property name="java.vm.name" value="OpenJDK 64-Bit Server VM"/>
    <property name="localRepository" value="/Users/reinoud/.m2/repository"/>
    <property name="java.vendor.url.bug" value="https://bugreport.java.com/bugreport/"/>
    <property name="java.io.tmpdir" value="/var/folders/f7/5bfm0d_1661cdj6gx_3xx76h0000gn/T/"/>
    <property name="java.version" value="15.0.1"/>
    <property name="user.dir" value="/Users/reinoud/Documents/Education/baToegepasteInformatica/Projectweek2/ProjectEaster/backend"/>
    <property name="os.arch" value="x86_64"/>
    <property name="java.vm.specification.name" value="Java Virtual Machine Specification"/>
    <property name="java.library.path" value="/Users/reinoud/Library/Java/Extensions:/Library/Java/Extensions:/Network/Library/Java/Extensions:/System/Library/Java/Extensions:/usr/lib/java:."/>
    <property name="java.vm.info" value="mixed mode, sharing"/>
    <property name="java.vendor" value="N/A"/>
    <property name="java.vm.version" value="15.0.1+9"/>
    <property name="sun.io.unicode.encoding" value="UnicodeBig"/>
    <property name="socksNonProxyHosts" value="local|*.local|169.254/16|*.169.254/16"/>
    <property name="java.class.version" value="59.0"/>
  </properties>
  <testcase name="contextLoads" classname="be.ucll.projectweek2.hybridcloudcalibr8.factoriorental.FactorioRentalApplicationTests" time="0.161"/>
</testsuite>